0 verbose cli [
0 verbose cli   'C:\\Program Files (x86)\\nodejs\\node.exe',
0 verbose cli   'C:\\Users\\20wjs\\AppData\\Roaming\\npm\\node_modules\\npm\\bin\\npm-cli.js',
0 verbose cli   'run',
0 verbose cli   'android'
0 verbose cli ]
1 info using npm@8.5.0
2 info using node@v14.17.0
3 timing npm:load:whichnode Completed in 0ms
4 timing config:load:defaults Completed in 2ms
5 timing config:load:file:C:\Users\20wjs\AppData\Roaming\npm\node_modules\npm\npmrc Completed in 14ms
6 timing config:load:builtin Completed in 14ms
7 timing config:load:cli Completed in 3ms
8 timing config:load:env Completed in 2ms
9 timing config:load:file:C:\Users\20wjs\OneDrive\COMPUTER\appproject\healthReactNative\.npmrc Completed in 0ms
10 timing config:load:project Completed in 8ms
11 timing config:load:file:C:\Users\20wjs\.npmrc Completed in 1ms
12 timing config:load:user Completed in 2ms
13 timing config:load:file:C:\Users\20wjs\AppData\Roaming\npm\etc\npmrc Completed in 0ms
14 timing config:load:global Completed in 0ms
15 timing config:load:validate Completed in 2ms
16 timing config:load:credentials Completed in 1ms
17 timing config:load:setEnvs Completed in 2ms
18 timing config:load Completed in 38ms
19 timing npm:load:configload Completed in 39ms
20 timing npm:load:setTitle Completed in 1ms
21 timing config:load:flatten Completed in 7ms
22 timing npm:load:display Completed in 12ms
23 verbose logfile C:\Users\20wjs\OneDrive\COMPUTER\appproject\healthReactNative\_logs\2022-03-12T13_36_26_861Z-debug-0.log
24 timing npm:load:logFile Completed in 14ms
25 timing npm:load:timers Completed in 0ms
26 timing npm:load:configScope Completed in 0ms
27 timing npm:load Completed in 69ms
28 silly logfile start cleaning logs, removing 1 files
29 timing command:run Completed in 169689ms
30 verbose exit 1
31 timing npm Completed in 174026ms
32 verbose code 1
